d:\work\aman\quake-2\debug\vc140.pdb
d:\work\aman\quake-2\debug\vc140.idb
d:\work\aman\quake-2\debug\md4.obj
d:\work\aman\quake-2\debug\net_chan.obj
d:\work\aman\quake-2\debug\pmove.obj
d:\work\aman\quake-2\debug\sv_ccmds.obj
d:\work\aman\quake-2\debug\sv_ents.obj
d:\work\aman\quake-2\debug\sv_game.obj
d:\work\aman\quake-2\debug\sv_init.obj
d:\work\aman\quake-2\debug\sv_main.obj
d:\work\aman\quake-2\debug\sv_send.obj
d:\work\aman\quake-2\debug\sv_user.obj
d:\work\aman\quake-2\debug\sv_world.obj
d:\work\aman\quake-2\debug\cd_win.obj
d:\work\aman\quake-2\debug\conproc.obj
d:\work\aman\quake-2\debug\in_win.obj
d:\work\aman\quake-2\debug\net_wins.obj
d:\work\aman\quake-2\debug\q_shwin.obj
d:\work\aman\quake-2\debug\snd_win.obj
d:\work\aman\quake-2\debug\sys_win.obj
d:\work\aman\quake-2\debug\vid_dll.obj
d:\work\aman\quake-2\debug\vid_menu.obj
d:\work\aman\quake-2\debug\cl_pred.obj
d:\work\aman\quake-2\debug\cl_scrn.obj
d:\work\aman\quake-2\debug\cl_tent.obj
d:\work\aman\quake-2\debug\cl_view.obj
d:\work\aman\quake-2\debug\console.obj
d:\work\aman\quake-2\debug\keys.obj
d:\work\aman\quake-2\debug\menu.obj
d:\work\aman\quake-2\debug\qmenu.obj
d:\work\aman\quake-2\debug\snd_dma.obj
d:\work\aman\quake-2\debug\snd_mem.obj
d:\work\aman\quake-2\debug\snd_mix.obj
d:\work\aman\quake-2\debug\x86.obj
d:\work\aman\quake-2\debug\m_flash.obj
d:\work\aman\quake-2\debug\q_shared.obj
d:\work\aman\quake-2\debug\cmd.obj
d:\work\aman\quake-2\debug\cmodel.obj
d:\work\aman\quake-2\debug\common.obj
d:\work\aman\quake-2\debug\crc.obj
d:\work\aman\quake-2\debug\cvar.obj
d:\work\aman\quake-2\debug\files.obj
d:\work\aman\quake-2\debug\cl_cin.obj
d:\work\aman\quake-2\debug\cl_ents.obj
d:\work\aman\quake-2\debug\cl_fx.obj
d:\work\aman\quake-2\debug\cl_input.obj
d:\work\aman\quake-2\debug\cl_inv.obj
d:\work\aman\quake-2\debug\cl_main.obj
d:\work\aman\quake-2\debug\cl_newfx.obj
d:\work\aman\quake-2\debug\cl_parse.obj
d:\work\aman\quake-2\debug\quake2.tlog\cl.command.1.tlog
d:\work\aman\quake-2\debug\quake2.tlog\cl.read.1.tlog
d:\work\aman\quake-2\debug\quake2.tlog\cl.write.1.tlog
d:\work\aman\quake-2\debug\quake2.tlog\rc.command.1.tlog
d:\work\aman\quake-2\debug\quake2.tlog\rc.read.1.tlog
d:\work\aman\quake-2\debug\quake2.tlog\rc.write.1.tlog
