d:\work\aman\quake-2\ref_gl\debug\vc140.pdb
d:\work\aman\quake-2\ref_gl\debug\vc140.idb
d:\work\aman\quake-2\ref_gl\debug\q_shared.obj
d:\work\aman\quake-2\ref_gl\debug\glw_imp.obj
d:\work\aman\quake-2\ref_gl\debug\qgl_win.obj
d:\work\aman\quake-2\ref_gl\debug\q_shwin.obj
d:\work\aman\quake-2\ref_gl\debug\gl_draw.obj
d:\work\aman\quake-2\ref_gl\debug\gl_image.obj
d:\work\aman\quake-2\ref_gl\debug\gl_light.obj
d:\work\aman\quake-2\ref_gl\debug\gl_mesh.obj
d:\work\aman\quake-2\ref_gl\debug\gl_model.obj
d:\work\aman\quake-2\ref_gl\debug\gl_rmain.obj
d:\work\aman\quake-2\ref_gl\debug\gl_rmisc.obj
d:\work\aman\quake-2\ref_gl\debug\gl_rsurf.obj
d:\work\aman\quake-2\ref_gl\debug\gl_warp.obj
d:\work\aman\quake-2\quake2\ref_gl.ilk
d:\work\aman\quake-2\quake2\ref_gl.dll
d:\work\aman\quake-2\quake2\ref_gl.pdb
d:\work\aman\quake-2\quake2\ref_gl.lib
d:\work\aman\quake-2\quake2\ref_gl.exp
d:\work\aman\quake-2\ref_gl\debug\ref_gl.tlog\cl.command.1.tlog
d:\work\aman\quake-2\ref_gl\debug\ref_gl.tlog\cl.read.1.tlog
d:\work\aman\quake-2\ref_gl\debug\ref_gl.tlog\cl.write.1.tlog
d:\work\aman\quake-2\ref_gl\debug\ref_gl.tlog\link.command.1.tlog
d:\work\aman\quake-2\ref_gl\debug\ref_gl.tlog\link.read.1.tlog
d:\work\aman\quake-2\ref_gl\debug\ref_gl.tlog\link.write.1.tlog
d:\work\aman\quake-2\ref_gl\debug\ref_gl.tlog\ref_gl.write.1u.tlog
