d:\work\aman\quake-2\game\debug\vc140.pdb
d:\work\aman\quake-2\game\debug\vc140.idb
d:\work\aman\quake-2\game\debug\m_float.obj
d:\work\aman\quake-2\game\debug\m_flyer.obj
d:\work\aman\quake-2\game\debug\m_gladiator.obj
d:\work\aman\quake-2\game\debug\m_gunner.obj
d:\work\aman\quake-2\game\debug\m_hover.obj
d:\work\aman\quake-2\game\debug\m_infantry.obj
d:\work\aman\quake-2\game\debug\m_insane.obj
d:\work\aman\quake-2\game\debug\m_medic.obj
d:\work\aman\quake-2\game\debug\m_move.obj
d:\work\aman\quake-2\game\debug\m_mutant.obj
d:\work\aman\quake-2\game\debug\m_parasite.obj
d:\work\aman\quake-2\game\debug\m_soldier.obj
d:\work\aman\quake-2\game\debug\m_supertank.obj
d:\work\aman\quake-2\game\debug\m_tank.obj
d:\work\aman\quake-2\game\debug\p_client.obj
d:\work\aman\quake-2\game\debug\p_hud.obj
d:\work\aman\quake-2\game\debug\p_trail.obj
d:\work\aman\quake-2\game\debug\p_view.obj
d:\work\aman\quake-2\game\debug\p_weapon.obj
d:\work\aman\quake-2\game\debug\q_shared.obj
d:\work\aman\quake-2\game\debug\g_monster.obj
d:\work\aman\quake-2\game\debug\g_phys.obj
d:\work\aman\quake-2\game\debug\g_save.obj
d:\work\aman\quake-2\game\debug\g_spawn.obj
d:\work\aman\quake-2\game\debug\g_svcmds.obj
d:\work\aman\quake-2\game\debug\g_target.obj
d:\work\aman\quake-2\game\debug\g_trigger.obj
d:\work\aman\quake-2\game\debug\g_turret.obj
d:\work\aman\quake-2\game\debug\g_utils.obj
d:\work\aman\quake-2\game\debug\g_weapon.obj
d:\work\aman\quake-2\game\debug\m_actor.obj
d:\work\aman\quake-2\game\debug\m_berserk.obj
d:\work\aman\quake-2\game\debug\m_boss2.obj
d:\work\aman\quake-2\game\debug\m_boss3.obj
d:\work\aman\quake-2\game\debug\m_boss31.obj
d:\work\aman\quake-2\game\debug\m_boss32.obj
d:\work\aman\quake-2\game\debug\m_brain.obj
d:\work\aman\quake-2\game\debug\m_chick.obj
d:\work\aman\quake-2\game\debug\m_flash.obj
d:\work\aman\quake-2\game\debug\m_flipper.obj
d:\work\aman\quake-2\game\debug\g_ai.obj
d:\work\aman\quake-2\game\debug\g_chase.obj
d:\work\aman\quake-2\game\debug\g_cmds.obj
d:\work\aman\quake-2\game\debug\g_combat.obj
d:\work\aman\quake-2\game\debug\g_func.obj
d:\work\aman\quake-2\game\debug\g_items.obj
d:\work\aman\quake-2\game\debug\g_main.obj
d:\work\aman\quake-2\game\debug\g_misc.obj
d:\work\aman\quake-2\quake2\baseq2\game.lib
d:\work\aman\quake-2\quake2\baseq2\game.exp
d:\work\aman\quake-2\quake2\baseq2\gamex86.ilk
d:\work\aman\quake-2\quake2\baseq2\gamex86.dll
d:\work\aman\quake-2\quake2\baseq2\game.pdb
d:\work\aman\quake-2\game\debug\game.tlog\cl.command.1.tlog
d:\work\aman\quake-2\game\debug\game.tlog\cl.read.1.tlog
d:\work\aman\quake-2\game\debug\game.tlog\cl.write.1.tlog
d:\work\aman\quake-2\game\debug\game.tlog\game.write.1u.tlog
d:\work\aman\quake-2\game\debug\game.tlog\link.command.1.tlog
d:\work\aman\quake-2\game\debug\game.tlog\link.read.1.tlog
d:\work\aman\quake-2\game\debug\game.tlog\link.write.1.tlog
