d:\work\aman\quake-2\ref_gl\x64\debug\vc140.pdb
d:\work\aman\quake-2\ref_gl\x64\debug\vc140.idb
d:\work\aman\quake-2\ref_gl\x64\debug\q_shared.obj
d:\work\aman\quake-2\ref_gl\x64\debug\glw_imp.obj
d:\work\aman\quake-2\ref_gl\x64\debug\qgl_win.obj
d:\work\aman\quake-2\ref_gl\x64\debug\q_shwin.obj
d:\work\aman\quake-2\ref_gl\x64\debug\gl_draw.obj
d:\work\aman\quake-2\ref_gl\x64\debug\gl_image.obj
d:\work\aman\quake-2\ref_gl\x64\debug\gl_light.obj
d:\work\aman\quake-2\ref_gl\x64\debug\gl_mesh.obj
d:\work\aman\quake-2\ref_gl\x64\debug\gl_model.obj
d:\work\aman\quake-2\ref_gl\x64\debug\gl_rmain.obj
d:\work\aman\quake-2\ref_gl\x64\debug\gl_rmisc.obj
d:\work\aman\quake-2\ref_gl\x64\debug\gl_rsurf.obj
d:\work\aman\quake-2\ref_gl\x64\debug\gl_warp.obj
d:\work\aman\quake-2\x64\debug\ref_gl.pdb
d:\work\aman\quake-2\ref_gl\x64\debug\ref_gl.tlog\cl.command.1.tlog
d:\work\aman\quake-2\ref_gl\x64\debug\ref_gl.tlog\cl.read.1.tlog
d:\work\aman\quake-2\ref_gl\x64\debug\ref_gl.tlog\cl.write.1.tlog
d:\work\aman\quake-2\ref_gl\x64\debug\ref_gl.tlog\link-cvtres.read.1.tlog
d:\work\aman\quake-2\ref_gl\x64\debug\ref_gl.tlog\link-cvtres.write.1.tlog
d:\work\aman\quake-2\ref_gl\x64\debug\ref_gl.tlog\link-rc.read.1.tlog
d:\work\aman\quake-2\ref_gl\x64\debug\ref_gl.tlog\link-rc.write.1.tlog
d:\work\aman\quake-2\ref_gl\x64\debug\ref_gl.tlog\link.command.1.tlog
d:\work\aman\quake-2\ref_gl\x64\debug\ref_gl.tlog\link.read.1.tlog
d:\work\aman\quake-2\ref_gl\x64\debug\ref_gl.tlog\link.write.1.tlog
